<?xml version="1.0" encoding="UTF-8"?>
<!-- Generated by org.testng.reporters.JUnitReportReporter -->
<testsuite hostname="INBOOK_X2_PLUS" failures="0" tests="2" name="pac2.OrgTest" time="0.002" errors="0" timestamp="2025-03-04T16:35:38 IST" skipped="0">
  <testcase classname="pac2.OrgTest" name="modifyOrgTest" time="0.001"/>
  <testcase classname="pac2.OrgTest" name="createOrgTest" time="0.001"/>
</testsuite> <!-- pac2.OrgTest -->
