<?xml version="1.0" encoding="UTF-8"?>
<!-- Generated by org.testng.reporters.JUnitReportReporter -->
<testsuite hostname="INBOOK_X2_PLUS" failures="0" tests="2" name="pac1.ContactTest" time="0.005" errors="0" timestamp="2025-03-04T16:35:38 IST" skipped="0">
  <testcase classname="pac1.ContactTest" name="createContactTest" time="0.005"/>
  <testcase classname="pac1.ContactTest" name="modifyContactTest" time="0.000"/>
</testsuite> <!-- pac1.ContactTest -->
